2025-07-09 06:51:32,041 - INFO - Scanning directory and subfolders: /Users/prachi.modi/Downloads/CV-CUE User Guide 13.0.1/User Guide/Graphics/Monitoring WiFi
2025-07-09 06:51:32,063 - INFO - Processing: /Users/prachi.modi/Downloads/CV-CUE User Guide 13.0.1/User Guide/Graphics/Monitoring WiFi/Groups_topic7_image004.png
2025-07-09 06:51:32,066 - INFO - Metadata for /Users/prachi.modi/Downloads/CV-CUE User Guide 13.0.1/User Guide/Graphics/Monitoring WiFi/Groups_topic7_image004.png:
{
  "file_path": "/Users/prachi.modi/Downloads/CV-CUE User Guide 13.0.1/User Guide/Graphics/Monitoring WiFi/Groups_topic7_image004.png",
  "file_size_bytes": 35553,
  "format": "PNG",
  "size": [
    626,
    342
  ],
  "mode": "RGBA",
  "info": {
    "gamma": 0.45455,
    "dpi": [
      96.012,
      96.012
    ],
    "Software": "Microsoft Office"
  },
  "exif": null,
  "icc_profile": null,
  "is_corrupted": true,
  "error": "Verification failed: verify must be called directly after open"
}
2025-07-09 06:51:32,066 - INFO - Processing: /Users/prachi.modi/Downloads/CV-CUE User Guide 13.0.1/User Guide/Graphics/Monitoring WiFi/Spectrum Occupancy.png
2025-07-09 06:51:32,070 - INFO - Metadata for /Users/prachi.modi/Downloads/CV-CUE User Guide 13.0.1/User Guide/Graphics/Monitoring WiFi/Spectrum Occupancy.png:
{
  "file_path": "/Users/prachi.modi/Downloads/CV-CUE User Guide 13.0.1/User Guide/Graphics/Monitoring WiFi/Spectrum Occupancy.png",
  "file_size_bytes": 35222,
  "format": "PNG",
  "size": [
    782,
    210
  ],
  "mode": "RGBA",
  "info": {
    "dpi": [
      119.9896,
      119.9896
    ],
    "Author": "",
    "Description": "",
    "Copyright": "",
    "Creation time": "",
    "Software": "",
    "Disclaimer": "",
    "Warning": "",
    "Source": "",
    "Comment": "",
    "Title": ""
  },
  "exif": null,
  "icc_profile": null,
  "is_corrupted": true,
  "error": "Verification failed: verify must be called directly after open"
}
2025-07-09 06:51:32,071 - INFO - Processing: /Users/prachi.modi/Downloads/CV-CUE User Guide 13.0.1/User Guide/Graphics/Monitoring WiFi/AP_topic6_image002.png
2025-07-09 06:51:32,072 - INFO - Metadata for /Users/prachi.modi/Downloads/CV-CUE User Guide 13.0.1/User Guide/Graphics/Monitoring WiFi/AP_topic6_image002.png:
{
  "file_path": "/Users/prachi.modi/Downloads/CV-CUE User Guide 13.0.1/User Guide/Graphics/Monitoring WiFi/AP_topic6_image002.png",
  "file_size_bytes": 11458,
  "format": "PNG",
  "size": [
    528,
    214
  ],
  "mode": "RGBA",
  "info": {
    "gamma": 0.45455,
    "dpi": [
      95.9866,
      95.9866
    ],
    "Software": "Microsoft Office"
  },
  "exif": null,
  "icc_profile": null,
  "is_corrupted": true,
  "error": "Verification failed: verify must be called directly after open"
}
2025-07-09 06:51:32,073 - INFO - Processing: /Users/prachi.modi/Downloads/CV-CUE User Guide 13.0.1/User Guide/Graphics/Monitoring WiFi/Inferencing_Single_Client.png
2025-07-09 06:51:32,074 - INFO - Metadata for /Users/prachi.modi/Downloads/CV-CUE User Guide 13.0.1/User Guide/Graphics/Monitoring WiFi/Inferencing_Single_Client.png:
{
  "file_path": "/Users/prachi.modi/Downloads/CV-CUE User Guide 13.0.1/User Guide/Graphics/Monitoring WiFi/Inferencing_Single_Client.png",
  "file_size_bytes": 21935,
  "format": "PNG",
  "size": [
    602,
    219
  ],
  "mode": "RGB",
  "info": {
    "srgb": 0,
    "gamma": 0.45455,
    "dpi": [
      95.9866,
      95.9866
    ]
  },
  "exif": null,
  "icc_profile": null,
  "is_corrupted": true,
  "error": "Verification failed: verify must be called directly after open"
}
2025-07-09 06:51:32,075 - INFO - Processing: /Users/prachi.modi/Downloads/CV-CUE User Guide 13.0.1/User Guide/Graphics/Monitoring WiFi/consolidated view.png
2025-07-09 06:51:32,079 - INFO - Metadata for /Users/prachi.modi/Downloads/CV-CUE User Guide 13.0.1/User Guide/Graphics/Monitoring WiFi/consolidated view.png:
{
  "file_path": "/Users/prachi.modi/Downloads/CV-CUE User Guide 13.0.1/User Guide/Graphics/Monitoring WiFi/consolidated view.png",
  "file_size_bytes": 84010,
  "format": "PNG",
  "size": [
    600,
    287
  ],
  "mode": "RGB",
  "info": {
    "dpi": [
      191.99859999999998,
      191.99859999999998
    ],
    "Author": "",
    "Description": "",
    "Copyright": "",
    "Creation time": "",
    "Software": "",
    "Disclaimer": "",
    "Warning": "",
    "Source": "",
    "Comment": "",
    "Title": ""
  },
  "exif": null,
  "icc_profile": null,
  "is_corrupted": true,
  "error": "Verification failed: verify must be called directly after open"
}
2025-07-09 06:51:32,080 - INFO - Processing: /Users/prachi.modi/Downloads/CV-CUE User Guide 13.0.1/User Guide/Graphics/Monitoring WiFi/Client_Connection_Logs_View_Details.png
2025-07-09 06:51:32,082 - INFO - Metadata for /Users/prachi.modi/Downloads/CV-CUE User Guide 13.0.1/User Guide/Graphics/Monitoring WiFi/Client_Connection_Logs_View_Details.png:
{
  "file_path": "/Users/prachi.modi/Downloads/CV-CUE User Guide 13.0.1/User Guide/Graphics/Monitoring WiFi/Client_Connection_Logs_View_Details.png",
  "file_size_bytes": 22853,
  "format": "PNG",
  "size": [
    626,
    145
  ],
  "mode": "RGB",
  "info": {},
  "exif": null,
  "icc_profile": null,
  "is_corrupted": true,
  "error": "Verification failed: verify must be called directly after open"
}
2025-07-09 06:51:32,082 - INFO - Processing: /Users/prachi.modi/Downloads/CV-CUE User Guide 13.0.1/User Guide/Graphics/Monitoring WiFi/IE-recommendation.png
2025-07-09 06:51:32,087 - INFO - Metadata for /Users/prachi.modi/Downloads/CV-CUE User Guide 13.0.1/User Guide/Graphics/Monitoring WiFi/IE-recommendation.png:
{
  "file_path": "/Users/prachi.modi/Downloads/CV-CUE User Guide 13.0.1/User Guide/Graphics/Monitoring WiFi/IE-recommendation.png",
  "file_size_bytes": 83707,
  "format": "PNG",
  "size": [
    782,
    409
  ],
  "mode": "RGB",
  "info": {},
  "exif": null,
  "icc_profile": null,
  "is_corrupted": true,
  "error": "Verification failed: verify must be called directly after open"
}
2025-07-09 06:51:32,087 - INFO - Processing: /Users/prachi.modi/Downloads/CV-CUE User Guide 13.0.1/User Guide/Graphics/Monitoring WiFi/Groups_topic7_image006.png
2025-07-09 06:51:32,090 - INFO - Metadata for /Users/prachi.modi/Downloads/CV-CUE User Guide 13.0.1/User Guide/Graphics/Monitoring WiFi/Groups_topic7_image006.png:
{
  "file_path": "/Users/prachi.modi/Downloads/CV-CUE User Guide 13.0.1/User Guide/Graphics/Monitoring WiFi/Groups_topic7_image006.png",
  "file_size_bytes": 40735,
  "format": "PNG",
  "size": [
    625,
    316
  ],
  "mode": "RGBA",
  "info": {
    "gamma": 0.45455,
    "dpi": [
      96.012,
      96.012
    ],
    "Software": "Microsoft Office"
  },
  "exif": null,
  "icc_profile": null,
  "is_corrupted": true,
  "error": "Verification failed: verify must be called directly after open"
}
2025-07-09 06:51:32,091 - INFO - Processing: /Users/prachi.modi/Downloads/CV-CUE User Guide 13.0.1/User Guide/Graphics/Monitoring WiFi/network_usage.png
2025-07-09 06:51:32,096 - INFO - Metadata for /Users/prachi.modi/Downloads/CV-CUE User Guide 13.0.1/User Guide/Graphics/Monitoring WiFi/network_usage.png:
{
  "file_path": "/Users/prachi.modi/Downloads/CV-CUE User Guide 13.0.1/User Guide/Graphics/Monitoring WiFi/network_usage.png",
  "file_size_bytes": 37716,
  "format": "PNG",
  "size": [
    938,
    283
  ],
  "mode": "RGBA",
  "info": {
    "dpi": [
      143.99259999999998,
      143.99259999999998
    ],
    "Author": "",
    "Description": "",
    "Copyright": "",
    "Creation time": "",
    "Software": "",
    "Disclaimer": "",
    "Warning": "",
    "Source": "",
    "Comment": "",
    "Title": ""
  },
  "exif": null,
  "icc_profile": null,
  "is_corrupted": true,
  "error": "Verification failed: verify must be called directly after open"
}
2025-07-09 06:51:32,097 - INFO - Processing: /Users/prachi.modi/Downloads/CV-CUE User Guide 13.0.1/User Guide/Graphics/Monitoring WiFi/Radios_Seeing_This_AP.png
2025-07-09 06:51:32,102 - INFO - Metadata for /Users/prachi.modi/Downloads/CV-CUE User Guide 13.0.1/User Guide/Graphics/Monitoring WiFi/Radios_Seeing_This_AP.png:
{
  "file_path": "/Users/prachi.modi/Downloads/CV-CUE User Guide 13.0.1/User Guide/Graphics/Monitoring WiFi/Radios_Seeing_This_AP.png",
  "file_size_bytes": 15950,
  "format": "PNG",
  "size": [
    869,
    448
  ],
  "mode": "RGB",
  "info": {
    "dpi": [
      143.99259999999998,
      143.99259999999998
    ],
    "Author": "",
    "Description": "",
    "Copyright": "",
    "Creation time": "",
    "Software": "",
    "Disclaimer": "",
    "Warning": "",
    "Source": "",
    "Comment": "",
    "Title": ""
  },
  "exif": null,
  "icc_profile": null,
  "is_corrupted": true,
  "error": "Verification failed: verify must be called directly after open"
}
2025-07-09 06:51:32,103 - INFO - Processing: /Users/prachi.modi/Downloads/CV-CUE User Guide 13.0.1/User Guide/Graphics/Monitoring WiFi/Graph View.png
2025-07-09 06:51:32,107 - INFO - Metadata for /Users/prachi.modi/Downloads/CV-CUE User Guide 13.0.1/User Guide/Graphics/Monitoring WiFi/Graph View.png:
{
  "file_path": "/Users/prachi.modi/Downloads/CV-CUE User Guide 13.0.1/User Guide/Graphics/Monitoring WiFi/Graph View.png",
  "file_size_bytes": 48936,
  "format": "PNG",
  "size": [
    802,
    334
  ],
  "mode": "RGB",
  "info": {
    "srgb": 0,
    "gamma": 0.45455,
    "dpi": [
      95.9866,
      95.9866
    ]
  },
  "exif": null,
  "icc_profile": null,
  "is_corrupted": true,
  "error": "Verification failed: verify must be called directly after open"
}
2025-07-09 06:51:32,107 - INFO - Processing: /Users/prachi.modi/Downloads/CV-CUE User Guide 13.0.1/User Guide/Graphics/Monitoring WiFi/Network_Usage-App_Experience.png
2025-07-09 06:51:32,112 - INFO - Metadata for /Users/prachi.modi/Downloads/CV-CUE User Guide 13.0.1/User Guide/Graphics/Monitoring WiFi/Network_Usage-App_Experience.png:
{
  "file_path": "/Users/prachi.modi/Downloads/CV-CUE User Guide 13.0.1/User Guide/Graphics/Monitoring WiFi/Network_Usage-App_Experience.png",
  "file_size_bytes": 32782,
  "format": "PNG",
  "size": [
    999,
    289
  ],
  "mode": "RGB",
  "info": {},
  "exif": null,
  "icc_profile": null,
  "is_corrupted": true,
  "error": "Verification failed: verify must be called directly after open"
}
2025-07-09 06:51:32,113 - INFO - Processing: /Users/prachi.modi/Downloads/CV-CUE User Guide 13.0.1/User Guide/Graphics/Monitoring WiFi/AP_Event_Logs.png
2025-07-09 06:51:32,116 - INFO - Metadata for /Users/prachi.modi/Downloads/CV-CUE User Guide 13.0.1/User Guide/Graphics/Monitoring WiFi/AP_Event_Logs.png:
{
  "file_path": "/Users/prachi.modi/Downloads/CV-CUE User Guide 13.0.1/User Guide/Graphics/Monitoring WiFi/AP_Event_Logs.png",
  "file_size_bytes": 38684,
  "format": "PNG",
  "size": [
    624,
    243
  ],
  "mode": "RGB",
  "info": {
    "dpi": [
      96.012,
      96.012
    ],
    "Author": "",
    "Description": "",
    "Copyright": "",
    "Creation time": "",
    "Software": "",
    "Disclaimer": "",
    "Warning": "",
    "Source": "",
    "Comment": "",
    "Title": ""
  },
  "exif": null,
  "icc_profile": null,
  "is_corrupted": true,
  "error": "Verification failed: verify must be called directly after open"
}
2025-07-09 06:51:32,117 - INFO - Processing: /Users/prachi.modi/Downloads/CV-CUE User Guide 13.0.1/User Guide/Graphics/Monitoring WiFi/IE-low data rate.png
2025-07-09 06:51:32,118 - INFO - Metadata for /Users/prachi.modi/Downloads/CV-CUE User Guide 13.0.1/User Guide/Graphics/Monitoring WiFi/IE-low data rate.png:
{
  "file_path": "/Users/prachi.modi/Downloads/CV-CUE User Guide 13.0.1/User Guide/Graphics/Monitoring WiFi/IE-low data rate.png",
  "file_size_bytes": 11559,
  "format": "PNG",
  "size": [
    590,
    113
  ],
  "mode": "RGB",
  "info": {
    "dpi": [
      96.012,
      96.012
    ]
  },
  "exif": null,
  "icc_profile": null,
  "is_corrupted": true,
  "error": "Verification failed: verify must be called directly after open"
}
2025-07-09 06:51:32,119 - INFO - Processing: /Users/prachi.modi/Downloads/CV-CUE User Guide 13.0.1/User Guide/Graphics/Monitoring WiFi/Groups_topic7_image002.png
2025-07-09 06:51:32,122 - INFO - Metadata for /Users/prachi.modi/Downloads/CV-CUE User Guide 13.0.1/User Guide/Graphics/Monitoring WiFi/Groups_topic7_image002.png:
{
  "file_path": "/Users/prachi.modi/Downloads/CV-CUE User Guide 13.0.1/User Guide/Graphics/Monitoring WiFi/Groups_topic7_image002.png",
  "file_size_bytes": 30550,
  "format": "PNG",
  "size": [
    489,
    432
  ],
  "mode": "RGBA",
  "info": {
    "gamma": 0.45455,
    "dpi": [
      96.012,
      96.012
    ],
    "Software": "Microsoft Office"
  },
  "exif": null,
  "icc_profile": null,
  "is_corrupted": true,
  "error": "Verification failed: verify must be called directly after open"
}
2025-07-09 06:51:32,122 - INFO - Processing: /Users/prachi.modi/Downloads/CV-CUE User Guide 13.0.1/User Guide/Graphics/Monitoring WiFi/AP Explorer.png
2025-07-09 06:51:32,125 - INFO - Metadata for /Users/prachi.modi/Downloads/CV-CUE User Guide 13.0.1/User Guide/Graphics/Monitoring WiFi/AP Explorer.png:
{
  "file_path": "/Users/prachi.modi/Downloads/CV-CUE User Guide 13.0.1/User Guide/Graphics/Monitoring WiFi/AP Explorer.png",
  "file_size_bytes": 47154,
  "format": "PNG",
  "size": [
    512,
    199
  ],
  "mode": "RGBA",
  "info": {},
  "exif": null,
  "icc_profile": null,
  "is_corrupted": true,
  "error": "Verification failed: verify must be called directly after open"
}
2025-07-09 06:51:32,126 - INFO - Processing: /Users/prachi.modi/Downloads/CV-CUE User Guide 13.0.1/User Guide/Graphics/Monitoring WiFi/Channel Utilization.png
2025-07-09 06:51:32,130 - INFO - Metadata for /Users/prachi.modi/Downloads/CV-CUE User Guide 13.0.1/User Guide/Graphics/Monitoring WiFi/Channel Utilization.png:
{
  "file_path": "/Users/prachi.modi/Downloads/CV-CUE User Guide 13.0.1/User Guide/Graphics/Monitoring WiFi/Channel Utilization.png",
  "file_size_bytes": 30477,
  "format": "PNG",
  "size": [
    782,
    269
  ],
  "mode": "RGBA",
  "info": {
    "dpi": [
      119.9896,
      119.9896
    ],
    "Author": "",
    "Description": "",
    "Copyright": "",
    "Creation time": "",
    "Software": "",
    "Disclaimer": "",
    "Warning": "",
    "Source": "",
    "Comment": "",
    "Title": ""
  },
  "exif": null,
  "icc_profile": null,
  "is_corrupted": true,
  "error": "Verification failed: verify must be called directly after open"
}
2025-07-09 06:51:32,131 - INFO - Processing: /Users/prachi.modi/Downloads/CV-CUE User Guide 13.0.1/User Guide/Graphics/Monitoring WiFi/Enable_Monitor_Additional_VLANs.png
2025-07-09 06:51:32,134 - INFO - Metadata for /Users/prachi.modi/Downloads/CV-CUE User Guide 13.0.1/User Guide/Graphics/Monitoring WiFi/Enable_Monitor_Additional_VLANs.png:
{
  "file_path": "/Users/prachi.modi/Downloads/CV-CUE User Guide 13.0.1/User Guide/Graphics/Monitoring WiFi/Enable_Monitor_Additional_VLANs.png",
  "file_size_bytes": 32946,
  "format": "PNG",
  "size": [
    624,
    288
  ],
  "mode": "RGB",
  "info": {
    "dpi": [
      96.012,
      96.012
    ],
    "Author": "",
    "Description": "",
    "Copyright": "",
    "Creation time": "",
    "Software": "",
    "Disclaimer": "",
    "Warning": "",
    "Source": "",
    "Comment": "",
    "Title": ""
  },
  "exif": null,
  "icc_profile": null,
  "is_corrupted": true,
  "error": "Verification failed: verify must be called directly after open"
}
2025-07-09 06:51:32,134 - INFO - Processing: /Users/prachi.modi/Downloads/CV-CUE User Guide 13.0.1/User Guide/Graphics/Monitoring WiFi/clients by avg data rate.png
2025-07-09 06:51:32,136 - INFO - Metadata for /Users/prachi.modi/Downloads/CV-CUE User Guide 13.0.1/User Guide/Graphics/Monitoring WiFi/clients by avg data rate.png:
{
  "file_path": "/Users/prachi.modi/Downloads/CV-CUE User Guide 13.0.1/User Guide/Graphics/Monitoring WiFi/clients by avg data rate.png",
  "file_size_bytes": 11321,
  "format": "PNG",
  "size": [
    601,
    203
  ],
  "mode": "RGB",
  "info": {
    "dpi": [
      96.012,
      96.012
    ],
    "Author": "",
    "Description": "",
    "Copyright": "",
    "Creation time": "",
    "Software": "",
    "Disclaimer": "",
    "Warning": "",
    "Source": "",
    "Comment": "",
    "Title": ""
  },
  "exif": null,
  "icc_profile": null,
  "is_corrupted": true,
  "error": "Verification failed: verify must be called directly after open"
}
2025-07-09 06:51:32,137 - INFO - Processing: /Users/prachi.modi/Downloads/CV-CUE User Guide 13.0.1/User Guide/Graphics/Monitoring WiFi/Client_connection_logs.png
2025-07-09 06:51:32,138 - INFO - Metadata for /Users/prachi.modi/Downloads/CV-CUE User Guide 13.0.1/User Guide/Graphics/Monitoring WiFi/Client_connection_logs.png:
{
  "file_path": "/Users/prachi.modi/Downloads/CV-CUE User Guide 13.0.1/User Guide/Graphics/Monitoring WiFi/Client_connection_logs.png",
  "file_size_bytes": 22751,
  "format": "PNG",
  "size": [
    624,
    145
  ],
  "mode": "RGB",
  "info": {},
  "exif": null,
  "icc_profile": null,
  "is_corrupted": true,
  "error": "Verification failed: verify must be called directly after open"
}
2025-07-09 06:51:32,139 - INFO - Processing: /Users/prachi.modi/Downloads/CV-CUE User Guide 13.0.1/User Guide/Graphics/Monitoring WiFi/RF Explorer.png
2025-07-09 06:51:32,145 - INFO - Metadata for /Users/prachi.modi/Downloads/CV-CUE User Guide 13.0.1/User Guide/Graphics/Monitoring WiFi/RF Explorer.png:
{
  "file_path": "/Users/prachi.modi/Downloads/CV-CUE User Guide 13.0.1/User Guide/Graphics/Monitoring WiFi/RF Explorer.png",
  "file_size_bytes": 71736,
  "format": "PNG",
  "size": [
    780,
    368
  ],
  "mode": "RGBA",
  "info": {
    "dpi": [
      119.9896,
      119.9896
    ],
    "Author": "",
    "Description": "",
    "Copyright": "",
    "Creation time": "",
    "Software": "",
    "Disclaimer": "",
    "Warning": "",
    "Source": "",
    "Comment": "",
    "Title": ""
  },
  "exif": null,
  "icc_profile": null,
  "is_corrupted": true,
  "error": "Verification failed: verify must be called directly after open"
}
2025-07-09 06:51:32,146 - INFO - Processing: /Users/prachi.modi/Downloads/CV-CUE User Guide 13.0.1/User Guide/Graphics/Monitoring WiFi/application_information.png
2025-07-09 06:51:32,149 - INFO - Metadata for /Users/prachi.modi/Downloads/CV-CUE User Guide 13.0.1/User Guide/Graphics/Monitoring WiFi/application_information.png:
{
  "file_path": "/Users/prachi.modi/Downloads/CV-CUE User Guide 13.0.1/User Guide/Graphics/Monitoring WiFi/application_information.png",
  "file_size_bytes": 42844,
  "format": "PNG",
  "size": [
    596,
    299
  ],
  "mode": "RGB",
  "info": {
    "dpi": [
      96.012,
      96.012
    ]
  },
  "exif": null,
  "icc_profile": null,
  "is_corrupted": true,
  "error": "Verification failed: verify must be called directly after open"
}
2025-07-09 06:51:32,150 - INFO - Processing: /Users/prachi.modi/Downloads/CV-CUE User Guide 13.0.1/User Guide/Graphics/Monitoring WiFi/AP Health.png
2025-07-09 06:51:32,154 - INFO - Metadata for /Users/prachi.modi/Downloads/CV-CUE User Guide 13.0.1/User Guide/Graphics/Monitoring WiFi/AP Health.png:
{
  "file_path": "/Users/prachi.modi/Downloads/CV-CUE User Guide 13.0.1/User Guide/Graphics/Monitoring WiFi/AP Health.png",
  "file_size_bytes": 39379,
  "format": "PNG",
  "size": [
    782,
    262
  ],
  "mode": "RGBA",
  "info": {
    "dpi": [
      119.9896,
      119.9896
    ],
    "Author": "",
    "Description": "",
    "Copyright": "",
    "Creation time": "",
    "Software": "",
    "Disclaimer": "",
    "Warning": "",
    "Source": "",
    "Comment": "",
    "Title": ""
  },
  "exif": null,
  "icc_profile": null,
  "is_corrupted": true,
  "error": "Verification failed: verify must be called directly after open"
}
2025-07-09 06:51:32,155 - INFO - Processing: /Users/prachi.modi/Downloads/CV-CUE User Guide 13.0.1/User Guide/Graphics/Monitoring WiFi/Cleint_Event_Logs.png
2025-07-09 06:51:32,158 - INFO - Metadata for /Users/prachi.modi/Downloads/CV-CUE User Guide 13.0.1/User Guide/Graphics/Monitoring WiFi/Cleint_Event_Logs.png:
{
  "file_path": "/Users/prachi.modi/Downloads/CV-CUE User Guide 13.0.1/User Guide/Graphics/Monitoring WiFi/Cleint_Event_Logs.png",
  "file_size_bytes": 31123,
  "format": "PNG",
  "size": [
    634,
    205
  ],
  "mode": "RGBA",
  "info": {
    "dpi": [
      96.012,
      96.012
    ],
    "Author": "",
    "Description": "",
    "Copyright": "",
    "Creation time": "",
    "Software": "",
    "Disclaimer": "",
    "Warning": "",
    "Source": "",
    "Comment": "",
    "Title": ""
  },
  "exif": null,
  "icc_profile": null,
  "is_corrupted": true,
  "error": "Verification failed: verify must be called directly after open"
}
2025-07-09 06:51:32,158 - INFO - Processing: /Users/prachi.modi/Downloads/CV-CUE User Guide 13.0.1/User Guide/Graphics/Monitoring WiFi/Add_VLAN_to_SSID.png
2025-07-09 06:51:32,161 - INFO - Metadata for /Users/prachi.modi/Downloads/CV-CUE User Guide 13.0.1/User Guide/Graphics/Monitoring WiFi/Add_VLAN_to_SSID.png:
{
  "file_path": "/Users/prachi.modi/Downloads/CV-CUE User Guide 13.0.1/User Guide/Graphics/Monitoring WiFi/Add_VLAN_to_SSID.png",
  "file_size_bytes": 32097,
  "format": "PNG",
  "size": [
    626,
    223
  ],
  "mode": "RGB",
  "info": {
    "dpi": [
      96.012,
      96.012
    ],
    "Author": "",
    "Description": "",
    "Copyright": "",
    "Creation time": "",
    "Software": "",
    "Disclaimer": "",
    "Warning": "",
    "Source": "",
    "Comment": "",
    "Title": ""
  },
  "exif": null,
  "icc_profile": null,
  "is_corrupted": true,
  "error": "Verification failed: verify must be called directly after open"
}
2025-07-09 06:51:32,161 - INFO - Processing: /Users/prachi.modi/Downloads/CV-CUE User Guide 13.0.1/User Guide/Graphics/Monitoring WiFi/Apps_visibility.png
2025-07-09 06:51:32,165 - INFO - Metadata for /Users/prachi.modi/Downloads/CV-CUE User Guide 13.0.1/User Guide/Graphics/Monitoring WiFi/Apps_visibility.png:
{
  "file_path": "/Users/prachi.modi/Downloads/CV-CUE User Guide 13.0.1/User Guide/Graphics/Monitoring WiFi/Apps_visibility.png",
  "file_size_bytes": 51214,
  "format": "PNG",
  "size": [
    624,
    259
  ],
  "mode": "RGBA",
  "info": {
    "dpi": [
      96.012,
      96.012
    ],
    "Author": "",
    "Description": "",
    "Copyright": "",
    "Creation time": "",
    "Software": "",
    "Disclaimer": "",
    "Warning": "",
    "Source": "",
    "Comment": "",
    "Title": ""
  },
  "exif": null,
  "icc_profile": null,
  "is_corrupted": true,
  "error": "Verification failed: verify must be called directly after open"
}
2025-07-09 06:51:32,165 - INFO - Processing: /Users/prachi.modi/Downloads/CV-CUE User Guide 13.0.1/User Guide/Graphics/Monitoring WiFi/Managed Device Explorer.png
2025-07-09 06:51:32,168 - INFO - Metadata for /Users/prachi.modi/Downloads/CV-CUE User Guide 13.0.1/User Guide/Graphics/Monitoring WiFi/Managed Device Explorer.png:
{
  "file_path": "/Users/prachi.modi/Downloads/CV-CUE User Guide 13.0.1/User Guide/Graphics/Monitoring WiFi/Managed Device Explorer.png",
  "file_size_bytes": 40063,
  "format": "PNG",
  "size": [
    512,
    196
  ],
  "mode": "RGB",
  "info": {},
  "exif": null,
  "icc_profile": null,
  "is_corrupted": true,
  "error": "Verification failed: verify must be called directly after open"
}
2025-07-09 06:51:32,168 - INFO - Processing: /Users/prachi.modi/Downloads/CV-CUE User Guide 13.0.1/User Guide/Graphics/Monitoring WiFi/IE-root cause analysis activity.png
2025-07-09 06:51:32,174 - INFO - Metadata for /Users/prachi.modi/Downloads/CV-CUE User Guide 13.0.1/User Guide/Graphics/Monitoring WiFi/IE-root cause analysis activity.png:
{
  "file_path": "/Users/prachi.modi/Downloads/CV-CUE User Guide 13.0.1/User Guide/Graphics/Monitoring WiFi/IE-root cause analysis activity.png",
  "file_size_bytes": 121106,
  "format": "PNG",
  "size": [
    782,
    410
  ],
  "mode": "RGB",
  "info": {},
  "exif": null,
  "icc_profile": null,
  "is_corrupted": true,
  "error": "Verification failed: verify must be called directly after open"
}
2025-07-09 06:51:32,174 - INFO - Processing: /Users/prachi.modi/Downloads/CV-CUE User Guide 13.0.1/User Guide/Graphics/Monitoring WiFi/Firmware Update.png
2025-07-09 06:51:32,176 - INFO - Metadata for /Users/prachi.modi/Downloads/CV-CUE User Guide 13.0.1/User Guide/Graphics/Monitoring WiFi/Firmware Update.png:
{
  "file_path": "/Users/prachi.modi/Downloads/CV-CUE User Guide 13.0.1/User Guide/Graphics/Monitoring WiFi/Firmware Update.png",
  "file_size_bytes": 23933,
  "format": "PNG",
  "size": [
    652,
    101
  ],
  "mode": "RGB",
  "info": {
    "dpi": [
      96.012,
      96.012
    ],
    "Author": "",
    "Description": "",
    "Copyright": "",
    "Creation time": "",
    "Software": "",
    "Disclaimer": "",
    "Warning": "",
    "Source": "",
    "Comment": "",
    "Title": ""
  },
  "exif": null,
  "icc_profile": null,
  "is_corrupted": true,
  "error": "Verification failed: verify must be called directly after open"
}
2025-07-09 06:51:32,177 - INFO - Processing: /Users/prachi.modi/Downloads/CV-CUE User Guide 13.0.1/User Guide/Graphics/Monitoring WiFi/client_explorer.png
2025-07-09 06:51:32,179 - INFO - Metadata for /Users/prachi.modi/Downloads/CV-CUE User Guide 13.0.1/User Guide/Graphics/Monitoring WiFi/client_explorer.png:
{
  "file_path": "/Users/prachi.modi/Downloads/CV-CUE User Guide 13.0.1/User Guide/Graphics/Monitoring WiFi/client_explorer.png",
  "file_size_bytes": 31342,
  "format": "PNG",
  "size": [
    600,
    140
  ],
  "mode": "RGB",
  "info": {
    "dpi": [
      96.012,
      96.012
    ],
    "Author": "",
    "Description": "",
    "Copyright": "",
    "Creation time": "",
    "Software": "",
    "Disclaimer": "",
    "Warning": "",
    "Source": "",
    "Comment": "",
    "Title": ""
  },
  "exif": null,
  "icc_profile": null,
  "is_corrupted": true,
  "error": "Verification failed: verify must be called directly after open"
}
2025-07-09 06:51:32,179 - INFO - Processing: /Users/prachi.modi/Downloads/CV-CUE User Guide 13.0.1/User Guide/Graphics/Monitoring WiFi/Clients_topic10_image002.png
2025-07-09 06:51:32,181 - INFO - Metadata for /Users/prachi.modi/Downloads/CV-CUE User Guide 13.0.1/User Guide/Graphics/Monitoring WiFi/Clients_topic10_image002.png:
{
  "file_path": "/Users/prachi.modi/Downloads/CV-CUE User Guide 13.0.1/User Guide/Graphics/Monitoring WiFi/Clients_topic10_image002.png",
  "file_size_bytes": 16680,
  "format": "PNG",
  "size": [
    528,
    213
  ],
  "mode": "RGB",
  "info": {
    "srgb": 0,
    "gamma": 0.45455,
    "dpi": [
      95.9866,
      95.9866
    ]
  },
  "exif": null,
  "icc_profile": null,
  "is_corrupted": true,
  "error": "Verification failed: verify must be called directly after open"
}
2025-07-09 06:51:32,181 - INFO - Processing: /Users/prachi.modi/Downloads/CV-CUE User Guide 13.0.1/User Guide/Graphics/Monitoring WiFi/Visible_Access_Points_Managed.png
2025-07-09 06:51:32,188 - INFO - Metadata for /Users/prachi.modi/Downloads/CV-CUE User Guide 13.0.1/User Guide/Graphics/Monitoring WiFi/Visible_Access_Points_Managed.png:
{
  "file_path": "/Users/prachi.modi/Downloads/CV-CUE User Guide 13.0.1/User Guide/Graphics/Monitoring WiFi/Visible_Access_Points_Managed.png",
  "file_size_bytes": 30466,
  "format": "PNG",
  "size": [
    863,
    445
  ],
  "mode": "RGBA",
  "info": {
    "dpi": [
      143.99259999999998,
      143.99259999999998
    ],
    "Author": "",
    "Description": "",
    "Copyright": "",
    "Creation time": "",
    "Software": "",
    "Disclaimer": "",
    "Warning": "",
    "Source": "",
    "Comment": "",
    "Title": ""
  },
  "exif": null,
  "icc_profile": null,
  "is_corrupted": true,
  "error": "Verification failed: verify must be called directly after open"
}
2025-07-09 06:51:32,188 - INFO - Processing: /Users/prachi.modi/Downloads/CV-CUE User Guide 13.0.1/User Guide/Graphics/Monitoring WiFi/Clients with Most Application Traffic.png
2025-07-09 06:51:32,190 - INFO - Metadata for /Users/prachi.modi/Downloads/CV-CUE User Guide 13.0.1/User Guide/Graphics/Monitoring WiFi/Clients with Most Application Traffic.png:
{
  "file_path": "/Users/prachi.modi/Downloads/CV-CUE User Guide 13.0.1/User Guide/Graphics/Monitoring WiFi/Clients with Most Application Traffic.png",
  "file_size_bytes": 32062,
  "format": "PNG",
  "size": [
    626,
    165
  ],
  "mode": "RGB",
  "info": {
    "dpi": [
      96.012,
      96.012
    ],
    "Author": "",
    "Description": "",
    "Copyright": "",
    "Creation time": "",
    "Software": "",
    "Disclaimer": "",
    "Warning": "",
    "Source": "",
    "Comment": "",
    "Title": ""
  },
  "exif": null,
  "icc_profile": null,
  "is_corrupted": true,
  "error": "Verification failed: verify must be called directly after open"
}
2025-07-09 06:51:32,191 - INFO - Processing: /Users/prachi.modi/Downloads/CV-CUE User Guide 13.0.1/User Guide/Graphics/Monitoring WiFi/Active SSIDs.png
2025-07-09 06:51:32,194 - INFO - Metadata for /Users/prachi.modi/Downloads/CV-CUE User Guide 13.0.1/User Guide/Graphics/Monitoring WiFi/Active SSIDs.png:
{
  "file_path": "/Users/prachi.modi/Downloads/CV-CUE User Guide 13.0.1/User Guide/Graphics/Monitoring WiFi/Active SSIDs.png",
  "file_size_bytes": 38337,
  "format": "PNG",
  "size": [
    771,
    231
  ],
  "mode": "RGB",
  "info": {
    "dpi": [
      96.012,
      96.012
    ],
    "Author": "",
    "Description": "",
    "Copyright": "",
    "Creation time": "",
    "Software": "",
    "Disclaimer": "",
    "Warning": "",
    "Source": "",
    "Comment": "",
    "Title": ""
  },
  "exif": null,
  "icc_profile": null,
  "is_corrupted": true,
  "error": "Verification failed: verify must be called directly after open"
}
2025-07-09 06:51:32,195 - INFO - Processing: /Users/prachi.modi/Downloads/CV-CUE User Guide 13.0.1/User Guide/Graphics/Monitoring WiFi/Application_Session_Logs.png
2025-07-09 06:51:32,197 - INFO - Metadata for /Users/prachi.modi/Downloads/CV-CUE User Guide 13.0.1/User Guide/Graphics/Monitoring WiFi/Application_Session_Logs.png:
{
  "file_path": "/Users/prachi.modi/Downloads/CV-CUE User Guide 13.0.1/User Guide/Graphics/Monitoring WiFi/Application_Session_Logs.png",
  "file_size_bytes": 31929,
  "format": "PNG",
  "size": [
    624,
    228
  ],
  "mode": "RGB",
  "info": {
    "dpi": [
      96.012,
      96.012
    ],
    "Author": "",
    "Description": "",
    "Copyright": "",
    "Creation time": "",
    "Software": "",
    "Disclaimer": "",
    "Warning": "",
    "Source": "",
    "Comment": "",
    "Title": ""
  },
  "exif": null,
  "icc_profile": null,
  "is_corrupted": true,
  "error": "Verification failed: verify must be called directly after open"
}
2025-07-09 06:51:32,197 - INFO - Processing: /Users/prachi.modi/Downloads/CV-CUE User Guide 13.0.1/User Guide/Graphics/Monitoring WiFi/AP Device Distribution.png
2025-07-09 06:51:32,200 - INFO - Metadata for /Users/prachi.modi/Downloads/CV-CUE User Guide 13.0.1/User Guide/Graphics/Monitoring WiFi/AP Device Distribution.png:
{
  "file_path": "/Users/prachi.modi/Downloads/CV-CUE User Guide 13.0.1/User Guide/Graphics/Monitoring WiFi/AP Device Distribution.png",
  "file_size_bytes": 25060,
  "format": "PNG",
  "size": [
    512,
    243
  ],
  "mode": "RGB",
  "info": {},
  "exif": null,
  "icc_profile": null,
  "is_corrupted": true,
  "error": "Verification failed: verify must be called directly after open"
}
2025-07-09 06:51:32,200 - INFO - Processing: /Users/prachi.modi/Downloads/CV-CUE User Guide 13.0.1/User Guide/Graphics/Monitoring WiFi/access_point_information.png
2025-07-09 06:51:32,207 - INFO - Metadata for /Users/prachi.modi/Downloads/CV-CUE User Guide 13.0.1/User Guide/Graphics/Monitoring WiFi/access_point_information.png:
{
  "file_path": "/Users/prachi.modi/Downloads/CV-CUE User Guide 13.0.1/User Guide/Graphics/Monitoring WiFi/access_point_information.png",
  "file_size_bytes": 76332,
  "format": "PNG",
  "size": [
    999,
    388
  ],
  "mode": "RGB",
  "info": {},
  "exif": null,
  "icc_profile": null,
  "is_corrupted": true,
  "error": "Verification failed: verify must be called directly after open"
}
2025-07-09 06:51:32,208 - INFO - Processing: /Users/prachi.modi/Downloads/CV-CUE User Guide 13.0.1/User Guide/Graphics/Monitoring WiFi/client_attributes.png
2025-07-09 06:51:32,211 - INFO - Metadata for /Users/prachi.modi/Downloads/CV-CUE User Guide 13.0.1/User Guide/Graphics/Monitoring WiFi/client_attributes.png:
{
  "file_path": "/Users/prachi.modi/Downloads/CV-CUE User Guide 13.0.1/User Guide/Graphics/Monitoring WiFi/client_attributes.png",
  "file_size_bytes": 36432,
  "format": "PNG",
  "size": [
    600,
    280
  ],
  "mode": "RGB",
  "info": {
    "dpi": [
      96.012,
      96.012
    ],
    "Author": "",
    "Description": "",
    "Copyright": "",
    "Creation time": "",
    "Software": "",
    "Disclaimer": "",
    "Warning": "",
    "Source": "",
    "Comment": "",
    "Title": ""
  },
  "exif": null,
  "icc_profile": null,
  "is_corrupted": true,
  "error": "Verification failed: verify must be called directly after open"
}
2025-07-09 06:51:32,212 - INFO - Processing: /Users/prachi.modi/Downloads/CV-CUE User Guide 13.0.1/User Guide/Graphics/Monitoring WiFi/Radios.png
2025-07-09 06:51:32,214 - INFO - Metadata for /Users/prachi.modi/Downloads/CV-CUE User Guide 13.0.1/User Guide/Graphics/Monitoring WiFi/Radios.png:
{
  "file_path": "/Users/prachi.modi/Downloads/CV-CUE User Guide 13.0.1/User Guide/Graphics/Monitoring WiFi/Radios.png",
  "file_size_bytes": 35855,
  "format": "PNG",
  "size": [
    760,
    143
  ],
  "mode": "RGB",
  "info": {
    "dpi": [
      96.012,
      96.012
    ],
    "Author": "",
    "Description": "",
    "Copyright": "",
    "Creation time": "",
    "Software": "",
    "Disclaimer": "",
    "Warning": "",
    "Source": "",
    "Comment": "",
    "Title": ""
  },
  "exif": null,
  "icc_profile": null,
  "is_corrupted": true,
  "error": "Verification failed: verify must be called directly after open"
}
2025-07-09 06:51:32,215 - INFO - Processing: /Users/prachi.modi/Downloads/CV-CUE User Guide 13.0.1/User Guide/Graphics/Monitoring WiFi/Firmware Update AP.png
2025-07-09 06:51:32,219 - INFO - Metadata for /Users/prachi.modi/Downloads/CV-CUE User Guide 13.0.1/User Guide/Graphics/Monitoring WiFi/Firmware Update AP.png:
{
  "file_path": "/Users/prachi.modi/Downloads/CV-CUE User Guide 13.0.1/User Guide/Graphics/Monitoring WiFi/Firmware Update AP.png",
  "file_size_bytes": 52438,
  "format": "PNG",
  "size": [
    715,
    276
  ],
  "mode": "RGB",
  "info": {
    "dpi": [
      191.99859999999998,
      191.99859999999998
    ]
  },
  "exif": null,
  "icc_profile": null,
  "is_corrupted": true,
  "error": "Verification failed: verify must be called directly after open"
}
2025-07-09 06:51:32,219 - INFO - Processing: /Users/prachi.modi/Downloads/CV-CUE User Guide 13.0.1/User Guide/Graphics/Monitoring WiFi/Visible VLANs.png
2025-07-09 06:51:32,224 - INFO - Metadata for /Users/prachi.modi/Downloads/CV-CUE User Guide 13.0.1/User Guide/Graphics/Monitoring WiFi/Visible VLANs.png:
{
  "file_path": "/Users/prachi.modi/Downloads/CV-CUE User Guide 13.0.1/User Guide/Graphics/Monitoring WiFi/Visible VLANs.png",
  "file_size_bytes": 16598,
  "format": "PNG",
  "size": [
    858,
    442
  ],
  "mode": "RGB",
  "info": {
    "dpi": [
      143.99259999999998,
      143.99259999999998
    ],
    "Author": "",
    "Description": "",
    "Copyright": "",
    "Creation time": "",
    "Software": "",
    "Disclaimer": "",
    "Warning": "",
    "Source": "",
    "Comment": "",
    "Title": ""
  },
  "exif": null,
  "icc_profile": null,
  "is_corrupted": true,
  "error": "Verification failed: verify must be called directly after open"
}
2025-07-09 06:51:32,224 - INFO - Processing: /Users/prachi.modi/Downloads/CV-CUE User Guide 13.0.1/User Guide/Graphics/Monitoring WiFi/IE-root cause analysis screen.png
2025-07-09 06:51:32,229 - INFO - Metadata for /Users/prachi.modi/Downloads/CV-CUE User Guide 13.0.1/User Guide/Graphics/Monitoring WiFi/IE-root cause analysis screen.png:
{
  "file_path": "/Users/prachi.modi/Downloads/CV-CUE User Guide 13.0.1/User Guide/Graphics/Monitoring WiFi/IE-root cause analysis screen.png",
  "file_size_bytes": 54485,
  "format": "PNG",
  "size": [
    782,
    416
  ],
  "mode": "RGB",
  "info": {},
  "exif": null,
  "icc_profile": null,
  "is_corrupted": true,
  "error": "Verification failed: verify must be called directly after open"
}
2025-07-09 06:51:34,236 - INFO - Processing: /Users/prachi.modi/Downloads/CV-CUE User Guide 13.0.1/User Guide/Graphics/Monitoring WiFi/connection status.png
2025-07-09 06:51:34,241 - INFO - Metadata for /Users/prachi.modi/Downloads/CV-CUE User Guide 13.0.1/User Guide/Graphics/Monitoring WiFi/connection status.png:
{
  "file_path": "/Users/prachi.modi/Downloads/CV-CUE User Guide 13.0.1/User Guide/Graphics/Monitoring WiFi/connection status.png",
  "file_size_bytes": 33494,
  "format": "PNG",
  "size": [
    600,
    290
  ],
  "mode": "RGB",
  "info": {
    "dpi": [
      96.012,
      96.012
    ],
    "Author": "",
    "Description": "",
    "Copyright": "",
    "Creation time": "",
    "Software": "",
    "Disclaimer": "",
    "Warning": "",
    "Source": "",
    "Comment": "",
    "Title": ""
  },
  "exif": null,
  "icc_profile": null,
  "is_corrupted": true,
  "error": "Verification failed: verify must be called directly after open"
}
2025-07-09 06:51:34,242 - INFO - Processing: /Users/prachi.modi/Downloads/CV-CUE User Guide 13.0.1/User Guide/Graphics/Monitoring WiFi/Groups_topic5_image002.png
2025-07-09 06:51:34,246 - INFO - Metadata for /Users/prachi.modi/Downloads/CV-CUE User Guide 13.0.1/User Guide/Graphics/Monitoring WiFi/Groups_topic5_image002.png:
{
  "file_path": "/Users/prachi.modi/Downloads/CV-CUE User Guide 13.0.1/User Guide/Graphics/Monitoring WiFi/Groups_topic5_image002.png",
  "file_size_bytes": 59843,
  "format": "PNG",
  "size": [
    624,
    341
  ],
  "mode": "RGBA",
  "info": {
    "gamma": 0.45455,
    "dpi": [
      96.012,
      96.012
    ],
    "Software": "Microsoft Office"
  },
  "exif": null,
  "icc_profile": null,
  "is_corrupted": true,
  "error": "Verification failed: verify must be called directly after open"
}
2025-07-09 06:51:34,247 - INFO - Processing: /Users/prachi.modi/Downloads/CV-CUE User Guide 13.0.1/User Guide/Graphics/Monitoring WiFi/IE-root cause another.png
2025-07-09 06:51:34,256 - INFO - Metadata for /Users/prachi.modi/Downloads/CV-CUE User Guide 13.0.1/User Guide/Graphics/Monitoring WiFi/IE-root cause another.png:
{
  "file_path": "/Users/prachi.modi/Downloads/CV-CUE User Guide 13.0.1/User Guide/Graphics/Monitoring WiFi/IE-root cause another.png",
  "file_size_bytes": 115424,
  "format": "PNG",
  "size": [
    780,
    411
  ],
  "mode": "RGB",
  "info": {},
  "exif": null,
  "icc_profile": null,
  "is_corrupted": true,
  "error": "Verification failed: verify must be called directly after open"
}
2025-07-09 06:51:34,256 - INFO - Processing: /Users/prachi.modi/Downloads/CV-CUE User Guide 13.0.1/User Guide/Graphics/Monitoring WiFi/Channel Map.png
2025-07-09 06:51:34,264 - INFO - Metadata for /Users/prachi.modi/Downloads/CV-CUE User Guide 13.0.1/User Guide/Graphics/Monitoring WiFi/Channel Map.png:
{
  "file_path": "/Users/prachi.modi/Downloads/CV-CUE User Guide 13.0.1/User Guide/Graphics/Monitoring WiFi/Channel Map.png",
  "file_size_bytes": 51140,
  "format": "PNG",
  "size": [
    1600,
    202
  ],
  "mode": "RGB",
  "info": {},
  "exif": null,
  "icc_profile": null,
  "is_corrupted": true,
  "error": "Verification failed: verify must be called directly after open"
}
2025-07-09 06:51:34,264 - INFO - Processing: /Users/prachi.modi/Downloads/CV-CUE User Guide 13.0.1/User Guide/Graphics/Monitoring WiFi/Client_Event_Logs_Grid-view.png
2025-07-09 06:51:34,268 - INFO - Metadata for /Users/prachi.modi/Downloads/CV-CUE User Guide 13.0.1/User Guide/Graphics/Monitoring WiFi/Client_Event_Logs_Grid-view.png:
{
  "file_path": "/Users/prachi.modi/Downloads/CV-CUE User Guide 13.0.1/User Guide/Graphics/Monitoring WiFi/Client_Event_Logs_Grid-view.png",
  "file_size_bytes": 42119,
  "format": "PNG",
  "size": [
    624,
    193
  ],
  "mode": "RGBA",
  "info": {
    "dpi": [
      96.012,
      96.012
    ],
    "Author": "",
    "Description": "",
    "Copyright": "",
    "Creation time": "",
    "Software": "",
    "Disclaimer": "",
    "Warning": "",
    "Source": "",
    "Comment": "",
    "Title": ""
  },
  "exif": null,
  "icc_profile": null,
  "is_corrupted": true,
  "error": "Verification failed: verify must be called directly after open"
}
2025-07-09 06:51:34,269 - INFO - Processing: /Users/prachi.modi/Downloads/CV-CUE User Guide 13.0.1/User Guide/Graphics/Monitoring WiFi/Devices seeing this client.png
2025-07-09 06:51:34,275 - INFO - Metadata for /Users/prachi.modi/Downloads/CV-CUE User Guide 13.0.1/User Guide/Graphics/Monitoring WiFi/Devices seeing this client.png:
{
  "file_path": "/Users/prachi.modi/Downloads/CV-CUE User Guide 13.0.1/User Guide/Graphics/Monitoring WiFi/Devices seeing this client.png",
  "file_size_bytes": 38908,
  "format": "PNG",
  "size": [
    1215,
    280
  ],
  "mode": "RGB",
  "info": {
    "dpi": [
      96.012,
      96.012
    ],
    "Author": "",
    "Description": "",
    "Copyright": "",
    "Creation time": "",
    "Software": "",
    "Disclaimer": "",
    "Warning": "",
    "Source": "",
    "Comment": "",
    "Title": ""
  },
  "exif": null,
  "icc_profile": null,
  "is_corrupted": true,
  "error": "Verification failed: verify must be called directly after open"
}
2025-07-09 06:51:34,276 - INFO - Processing: /Users/prachi.modi/Downloads/CV-CUE User Guide 13.0.1/User Guide/Graphics/Monitoring WiFi/Full Screen.png
2025-07-09 06:51:34,280 - INFO - Metadata for /Users/prachi.modi/Downloads/CV-CUE User Guide 13.0.1/User Guide/Graphics/Monitoring WiFi/Full Screen.png:
{
  "file_path": "/Users/prachi.modi/Downloads/CV-CUE User Guide 13.0.1/User Guide/Graphics/Monitoring WiFi/Full Screen.png",
  "file_size_bytes": 61179,
  "format": "PNG",
  "size": [
    802,
    368
  ],
  "mode": "RGB",
  "info": {
    "srgb": 0,
    "gamma": 0.45455,
    "dpi": [
      95.9866,
      95.9866
    ]
  },
  "exif": null,
  "icc_profile": null,
  "is_corrupted": true,
  "error": "Verification failed: verify must be called directly after open"
}
2025-07-09 06:51:34,280 - INFO - Processing: /Users/prachi.modi/Downloads/CV-CUE User Guide 13.0.1/User Guide/Graphics/Monitoring WiFi/Application_Traffic.png
2025-07-09 06:51:34,284 - INFO - Metadata for /Users/prachi.modi/Downloads/CV-CUE User Guide 13.0.1/User Guide/Graphics/Monitoring WiFi/Application_Traffic.png:
{
  "file_path": "/Users/prachi.modi/Downloads/CV-CUE User Guide 13.0.1/User Guide/Graphics/Monitoring WiFi/Application_Traffic.png",
  "file_size_bytes": 20926,
  "format": "PNG",
  "size": [
    624,
    189
  ],
  "mode": "RGB",
  "info": {
    "dpi": [
      96.012,
      96.012
    ],
    "Author": "",
    "Description": "",
    "Copyright": "",
    "Creation time": "",
    "Software": "",
    "Disclaimer": "",
    "Warning": "",
    "Source": "",
    "Comment": "",
    "Title": ""
  },
  "exif": null,
  "icc_profile": null,
  "is_corrupted": true,
  "error": "Verification failed: verify must be called directly after open"
}
2025-07-09 06:51:34,285 - INFO - Processing: /Users/prachi.modi/Downloads/CV-CUE User Guide 13.0.1/User Guide/Graphics/Monitoring WiFi/Client Traffic Volume Detail.png
2025-07-09 06:51:34,287 - INFO - Metadata for /Users/prachi.modi/Downloads/CV-CUE User Guide 13.0.1/User Guide/Graphics/Monitoring WiFi/Client Traffic Volume Detail.png:
{
  "file_path": "/Users/prachi.modi/Downloads/CV-CUE User Guide 13.0.1/User Guide/Graphics/Monitoring WiFi/Client Traffic Volume Detail.png",
  "file_size_bytes": 43597,
  "format": "PNG",
  "size": [
    624,
    169
  ],
  "mode": "RGB",
  "info": {},
  "exif": null,
  "icc_profile": null,
  "is_corrupted": true,
  "error": "Verification failed: verify must be called directly after open"
}
2025-07-09 06:51:34,288 - INFO - Processing: /Users/prachi.modi/Downloads/CV-CUE User Guide 13.0.1/User Guide/Graphics/Monitoring WiFi/Visible_Access_Points_UnManaged.png
2025-07-09 06:51:34,295 - INFO - Metadata for /Users/prachi.modi/Downloads/CV-CUE User Guide 13.0.1/User Guide/Graphics/Monitoring WiFi/Visible_Access_Points_UnManaged.png:
{
  "file_path": "/Users/prachi.modi/Downloads/CV-CUE User Guide 13.0.1/User Guide/Graphics/Monitoring WiFi/Visible_Access_Points_UnManaged.png",
  "file_size_bytes": 42499,
  "format": "PNG",
  "size": [
    863,
    445
  ],
  "mode": "RGBA",
  "info": {
    "dpi": [
      143.99259999999998,
      143.99259999999998
    ],
    "Author": "",
    "Description": "",
    "Copyright": "",
    "Creation time": "",
    "Software": "",
    "Disclaimer": "",
    "Warning": "",
    "Source": "",
    "Comment": "",
    "Title": ""
  },
  "exif": null,
  "icc_profile": null,
  "is_corrupted": true,
  "error": "Verification failed: verify must be called directly after open"
}
2025-07-09 06:51:34,296 - INFO - Processing: /Users/prachi.modi/Downloads/CV-CUE User Guide 13.0.1/User Guide/Graphics/Monitoring WiFi/IE-root cause list.png
2025-07-09 06:51:34,300 - INFO - Metadata for /Users/prachi.modi/Downloads/CV-CUE User Guide 13.0.1/User Guide/Graphics/Monitoring WiFi/IE-root cause list.png:
{
  "file_path": "/Users/prachi.modi/Downloads/CV-CUE User Guide 13.0.1/User Guide/Graphics/Monitoring WiFi/IE-root cause list.png",
  "file_size_bytes": 98505,
  "format": "PNG",
  "size": [
    782,
    414
  ],
  "mode": "RGB",
  "info": {},
  "exif": null,
  "icc_profile": null,
  "is_corrupted": true,
  "error": "Verification failed: verify must be called directly after open"
}
2025-07-09 06:51:34,301 - INFO - Processing: /Users/prachi.modi/Downloads/CV-CUE User Guide 13.0.1/User Guide/Graphics/Monitoring WiFi/Client Traffic Volume.png
2025-07-09 06:51:34,303 - INFO - Metadata for /Users/prachi.modi/Downloads/CV-CUE User Guide 13.0.1/User Guide/Graphics/Monitoring WiFi/Client Traffic Volume.png:
{
  "file_path": "/Users/prachi.modi/Downloads/CV-CUE User Guide 13.0.1/User Guide/Graphics/Monitoring WiFi/Client Traffic Volume.png",
  "file_size_bytes": 31746,
  "format": "PNG",
  "size": [
    624,
    165
  ],
  "mode": "RGB",
  "info": {},
  "exif": null,
  "icc_profile": null,
  "is_corrupted": true,
  "error": "Verification failed: verify must be called directly after open"
}
2025-07-09 06:51:34,303 - INFO - Processing: /Users/prachi.modi/Downloads/CV-CUE User Guide 13.0.1/User Guide/Graphics/Monitoring WiFi/Groups_topic5_image004.png
2025-07-09 06:51:34,307 - INFO - Metadata for /Users/prachi.modi/Downloads/CV-CUE User Guide 13.0.1/User Guide/Graphics/Monitoring WiFi/Groups_topic5_image004.png:
{
  "file_path": "/Users/prachi.modi/Downloads/CV-CUE User Guide 13.0.1/User Guide/Graphics/Monitoring WiFi/Groups_topic5_image004.png",
  "file_size_bytes": 67794,
  "format": "PNG",
  "size": [
    623,
    306
  ],
  "mode": "RGBA",
  "info": {
    "gamma": 0.45455,
    "dpi": [
      96.012,
      96.012
    ],
    "Software": "Microsoft Office"
  },
  "exif": null,
  "icc_profile": null,
  "is_corrupted": true,
  "error": "Verification failed: verify must be called directly after open"
}
2025-07-09 06:51:34,307 - INFO - Processing: /Users/prachi.modi/Downloads/CV-CUE User Guide 13.0.1/User Guide/Graphics/Monitoring WiFi/Enable_Auto_VLAN_Monitoring.png
2025-07-09 06:51:34,309 - INFO - Metadata for /Users/prachi.modi/Downloads/CV-CUE User Guide 13.0.1/User Guide/Graphics/Monitoring WiFi/Enable_Auto_VLAN_Monitoring.png:
{
  "file_path": "/Users/prachi.modi/Downloads/CV-CUE User Guide 13.0.1/User Guide/Graphics/Monitoring WiFi/Enable_Auto_VLAN_Monitoring.png",
  "file_size_bytes": 14475,
  "format": "PNG",
  "size": [
    469,
    273
  ],
  "mode": "RGB",
  "info": {
    "dpi": [
      96.012,
      96.012
    ],
    "Author": "",
    "Description": "",
    "Copyright": "",
    "Creation time": "",
    "Software": "",
    "Disclaimer": "",
    "Warning": "",
    "Source": "",
    "Comment": "",
    "Title": ""
  },
  "exif": null,
  "icc_profile": null,
  "is_corrupted": true,
  "error": "Verification failed: verify must be called directly after open"
}
2025-07-09 06:51:34,310 - INFO - Processing: /Users/prachi.modi/Downloads/CV-CUE User Guide 13.0.1/User Guide/Graphics/Monitoring WiFi/Clients.png
2025-07-09 06:51:34,313 - INFO - Metadata for /Users/prachi.modi/Downloads/CV-CUE User Guide 13.0.1/User Guide/Graphics/Monitoring WiFi/Clients.png:
{
  "file_path": "/Users/prachi.modi/Downloads/CV-CUE User Guide 13.0.1/User Guide/Graphics/Monitoring WiFi/Clients.png",
  "file_size_bytes": 38278,
  "format": "PNG",
  "size": [
    573,
    296
  ],
  "mode": "RGB",
  "info": {
    "dpi": [
      96.012,
      96.012
    ]
  },
  "exif": null,
  "icc_profile": null,
  "is_corrupted": true,
  "error": "Verification failed: verify must be called directly after open"
}
2025-07-09 06:51:34,314 - INFO - Processing: /Users/prachi.modi/Downloads/CV-CUE User Guide 13.0.1/User Guide/Graphics/Monitoring WiFi/AP_topic4_image001.png
2025-07-09 06:51:34,316 - INFO - Metadata for /Users/prachi.modi/Downloads/CV-CUE User Guide 13.0.1/User Guide/Graphics/Monitoring WiFi/AP_topic4_image001.png:
{
  "file_path": "/Users/prachi.modi/Downloads/CV-CUE User Guide 13.0.1/User Guide/Graphics/Monitoring WiFi/AP_topic4_image001.png",
  "file_size_bytes": 39460,
  "format": "PNG",
  "size": [
    620,
    176
  ],
  "mode": "RGB",
  "info": {
    "srgb": 0,
    "gamma": 0.45455
  },
  "exif": null,
  "icc_profile": null,
  "is_corrupted": true,
  "error": "Verification failed: verify must be called directly after open"
}
2025-07-09 06:51:34,316 - INFO - Processing: /Users/prachi.modi/Downloads/CV-CUE User Guide 13.0.1/User Guide/Graphics/Monitoring WiFi/Visible_Clients.png
2025-07-09 06:51:34,323 - INFO - Metadata for /Users/prachi.modi/Downloads/CV-CUE User Guide 13.0.1/User Guide/Graphics/Monitoring WiFi/Visible_Clients.png:
{
  "file_path": "/Users/prachi.modi/Downloads/CV-CUE User Guide 13.0.1/User Guide/Graphics/Monitoring WiFi/Visible_Clients.png",
  "file_size_bytes": 39979,
  "format": "PNG",
  "size": [
    857,
    445
  ],
  "mode": "RGBA",
  "info": {
    "dpi": [
      143.99259999999998,
      143.99259999999998
    ],
    "Author": "",
    "Description": "",
    "Copyright": "",
    "Creation time": "",
    "Software": "",
    "Disclaimer": "",
    "Warning": "",
    "Source": "",
    "Comment": "",
    "Title": ""
  },
  "exif": null,
  "icc_profile": null,
  "is_corrupted": true,
  "error": "Verification failed: verify must be called directly after open"
}
2025-07-09 06:51:34,324 - INFO - Report saved to image_metadata_report.json
2025-07-09 06:51:34,324 - INFO - Scan complete. Check image_metadata_report.json and image_metadata.log for details.
